[2017-01-17 22:09:47] __rvm_make
__rvm_make () 
{ 
    \make "$@" || return $?
}
current path: /home/vagrant/.rvm/src/ruby-2.3.3
PATH=/usr/local/sbin:/usr/local/bin:/usr/sbin:/usr/bin:/sbin:/bin:/usr/games:/opt/vagrant_ruby/bin:/home/vagrant/.rvm/bin:/home/vagrant/.rvm/bin
command(2): __rvm_make -j1
++ make -j1
	CC = gcc
	LD = ld
	LDSHARED = gcc -shared
	CFLAGS = -O3 -fno-fast-math -ggdb3 -Wall -Wextra -Wno-unused-parameter -Wno-parentheses -Wno-long-long -Wno-missing-field-initializers -Wunused-variable -Wpointer-arith -Wwrite-strings -Wdeclaration-after-statement -Wimplicit-function-declaration -Wdeprecated-declarations -Wno-packed-bitfield-compat -std=iso9899:1999  -fPIC 
	XCFLAGS = -D_FORTIFY_SOURCE=2 -fstack-protector -fno-strict-overflow -fvisibility=hidden -DRUBY_EXPORT
	CPPFLAGS =   -I. -I.ext/include/i686-linux -I./include -I.
	DLDFLAGS = -Wl,-soname,libruby.so.2.3  -fstack-protector  
	SOLIBS = -lpthread -lrt -lgmp -ldl -lcrypt -lm  
Using built-in specs.
COLLECT_GCC=gcc
COLLECT_LTO_WRAPPER=/usr/lib/gcc/i686-linux-gnu/4.6/lto-wrapper
Target: i686-linux-gnu
Configured with: ../src/configure -v --with-pkgversion='Ubuntu/Linaro 4.6.3-1ubuntu5' --with-bugurl=file:///usr/share/doc/gcc-4.6/README.Bugs --enable-languages=c,c++,fortran,objc,obj-c++ --prefix=/usr --program-suffix=-4.6 --enable-shared --enable-linker-build-id --with-system-zlib --libexecdir=/usr/lib --without-included-gettext --enable-threads=posix --with-gxx-include-dir=/usr/include/c++/4.6 --libdir=/usr/lib --enable-nls --with-sysroot=/ --enable-clocale=gnu --enable-libstdcxx-debug --enable-libstdcxx-time=yes --enable-gnu-unique-object --enable-plugin --enable-objc-gc --enable-targets=all --disable-werror --with-arch-32=i686 --with-tune=generic --enable-checking=release --build=i686-linux-gnu --host=i686-linux-gnu --target=i686-linux-gnu
Thread model: posix
gcc version 4.6.3 (Ubuntu/Linaro 4.6.3-1ubuntu5) 
copying dummy probes.h
compiling main.c
compiling dmydln.c
compiling miniinit.c
compiling dmyext.c
compiling miniprelude.c
compiling array.c
compiling bignum.c
compiling class.c
compiling compar.c
compiling complex.c
compiling dir.c
compiling dln_find.c
compiling encoding.c
compiling enum.c
compiling enumerator.c
compiling error.c
compiling eval.c
compiling load.c
compiling proc.c
compiling file.c
compiling gc.c
compiling hash.c
compiling inits.c
compiling io.c
compiling marshal.c
compiling math.c
compiling node.c
compiling numeric.c
compiling object.c
compiling pack.c
compiling parse.c
compiling process.c
compiling random.c
compiling range.c
compiling rational.c
compiling re.c
compiling regcomp.c
compiling regenc.c
compiling regerror.c
compiling regexec.c
compiling regparse.c
compiling regsyntax.c
compiling ruby.c
compiling safe.c
compiling signal.c
compiling sprintf.c
In file included from sprintf.c:1278:0:
vsnprintf.c: In function 'BSD_vfprintf':
vsnprintf.c:828:8: warning: comparison of unsigned expression < 0 is always false [-Wtype-limits]
vsnprintf.c:828:8: warning: comparison of unsigned expression < 0 is always false [-Wtype-limits]
compiling st.c
compiling strftime.c
compiling string.c
compiling struct.c
compiling symbol.c
compiling time.c
compiling transcode.c
compiling util.c
compiling variable.c
compiling version.c
compiling compile.c
compiling debug.c
compiling iseq.c
iseq.c: In function 'rb_iseq_compile_with_option':
iseq.c:637:8: warning: 'ln' may be used uninitialized in this function [-Wuninitialized]
iseq.c:637:8: warning: 'parse' may be used uninitialized in this function [-Wuninitialized]
iseq.c:639:11: warning: 'type' may be used uninitialized in this function [-Wuninitialized]
iseq.c:639:11: warning: 'label' may be used uninitialized in this function [-Wuninitialized]
compiling vm.c
compiling vm_dump.c
compiling vm_backtrace.c
compiling vm_trace.c
compiling thread.c
compiling cont.c
compiling enc/ascii.c
compiling enc/us_ascii.c
compiling enc/unicode.c
compiling enc/utf_8.c
compiling enc/trans/newline.c
compiling ./missing/explicit_bzero.c
compiling ./missing/setproctitle.c
compiling ./missing/strlcat.c
compiling ./missing/strlcpy.c
compiling addr2line.c
compiling dmyenc.c
linking miniruby
generating encdb.h
encdb.h updated
rbconfig.rb updated
generating enc.mk
making srcs under enc
make[1]: Entering directory `/home/vagrant/.rvm/src/ruby-2.3.3'
make[1]: Nothing to be done for `srcs'.
make[1]: Leaving directory `/home/vagrant/.rvm/src/ruby-2.3.3'
generating transdb.h
transdb.h updated
compiling dln.c
compiling localeinit.c
creating verconf.h
verconf.h updated
compiling loadpath.c
compiling prelude.c
linking static-library libruby-static.a
verifying static-library libruby-static.a
linking shared-library libruby.so.2.3.0
generating makefile exts.mk
configuring -test-/array/resize
configuring -test-/bignum
configuring -test-/bug-3571
configuring -test-/bug-5832
configuring -test-/bug_reporter
configuring -test-/class
configuring -test-/debug
configuring -test-/dln/empty
configuring -test-/exception
configuring -test-/fatal
configuring -test-/file
configuring -test-/float
configuring -test-/funcall
configuring -test-/gvl/call_without_gvl
configuring -test-/hash
configuring -test-/iseq_load
configuring -test-/iter
configuring -test-/load/dot.dot
configuring -test-/marshal/compat
configuring -test-/marshal/internal_ivar
configuring -test-/marshal/usr
configuring -test-/method
configuring -test-/notimplement
configuring -test-/num2int
configuring -test-/path_to_class
configuring -test-/popen_deadlock
configuring -test-/postponed_job
configuring -test-/printf
configuring -test-/proc
configuring -test-/rational
configuring -test-/recursion
configuring -test-/st/foreach
configuring -test-/st/numhash
configuring -test-/st/update
configuring -test-/string
configuring -test-/struct
configuring -test-/symbol
configuring -test-/time
configuring -test-/tracepoint
configuring -test-/typeddata
configuring -test-/vm
configuring -test-/wait_for_single_fd
configuring bigdecimal
configuring cgi/escape
configuring continuation
configuring coverage
configuring date
configuring dbm
header: gdbm-ndbm.h
library: gdbm_compat
configuring digest
configuring digest/bubblebabble
configuring digest/md5
configuring digest/rmd160
configuring digest/sha1
configuring digest/sha2
configuring etc
configuring fcntl
configuring fiber
configuring fiddle
configuring gdbm
configuring io/console
configuring io/nonblock
configuring io/wait
configuring json
configuring json/generator
configuring json/parser
configuring mathn/complex
configuring mathn/rational
configuring nkf
configuring objspace
configuring openssl
configuring pathname
configuring psych
configuring pty
configuring racc/cparse
configuring rbconfig/sizeof
configuring readline
configuring ripper
configuring sdbm
configuring socket
configuring stringio
configuring strscan
configuring syslog
configuring thread
configuring tk
............
check struct members..
check libraries....
Use ActiveTcl libraries (if available).
Search tclConfig.sh and tkConfig.sh....................
Fail to find [tclConfig.sh, tkConfig.sh]
Use X11 libraries (or use TK_XINCLUDES/TK_XLIBSW information on tkConfig.sh).
Warning:: cannot find X11 library. tcltklib will not be compiled (tcltklib is disabled on your Ruby. That is, Ruby/Tk will not work). Please check configure options. If your Tcl/Tk don't require X11, please try --without-X11.
Can't find X11 libraries. 
So, can't make tcltklib.so which is required by Ruby/Tk.
Failed to configure tk. It will not be installed.
Failed to configure tk/tkutil. It will not be installed.
configuring zlib
make[1]: Entering directory `/home/vagrant/.rvm/src/ruby-2.3.3'
make[2]: Entering directory `/home/vagrant/.rvm/src/ruby-2.3.3/ext/-test-/array/resize'
compiling resize.c
linking shared-object -test-/array/resize.so
make[2]: Leaving directory `/home/vagrant/.rvm/src/ruby-2.3.3/ext/-test-/array/resize'
make[2]: Entering directory `/home/vagrant/.rvm/src/ruby-2.3.3/ext/-test-/bignum'
compiling div.c
compiling bigzero.c
compiling init.c
compiling big2str.c
compiling intpack.c
compiling str2big.c
compiling mul.c
linking shared-object -test-/bignum.so
make[2]: Leaving directory `/home/vagrant/.rvm/src/ruby-2.3.3/ext/-test-/bignum'
make[2]: Entering directory `/home/vagrant/.rvm/src/ruby-2.3.3/ext/-test-/bug-3571'
compiling bug.c
linking shared-object -test-/bug-3571/bug.so
make[2]: Leaving directory `/home/vagrant/.rvm/src/ruby-2.3.3/ext/-test-/bug-3571'
make[2]: Entering directory `/home/vagrant/.rvm/src/ruby-2.3.3/ext/-test-/bug-5832'
compiling bug.c
linking shared-object -test-/bug-5832/bug.so
make[2]: Leaving directory `/home/vagrant/.rvm/src/ruby-2.3.3/ext/-test-/bug-5832'
make[2]: Entering directory `/home/vagrant/.rvm/src/ruby-2.3.3/ext/-test-/bug_reporter'
compiling bug_reporter.c
linking shared-object -test-/bug_reporter/bug_reporter.so
make[2]: Leaving directory `/home/vagrant/.rvm/src/ruby-2.3.3/ext/-test-/bug_reporter'
make[2]: Entering directory `/home/vagrant/.rvm/src/ruby-2.3.3/ext/-test-/class'
compiling class2name.c
compiling init.c
linking shared-object -test-/class.so
make[2]: Leaving directory `/home/vagrant/.rvm/src/ruby-2.3.3/ext/-test-/class'
make[2]: Entering directory `/home/vagrant/.rvm/src/ruby-2.3.3/ext/-test-/debug'
compiling profile_frames.c
compiling init.c
compiling inspector.c
linking shared-object -test-/debug.so
make[2]: Leaving directory `/home/vagrant/.rvm/src/ruby-2.3.3/ext/-test-/debug'
make[2]: Entering directory `/home/vagrant/.rvm/src/ruby-2.3.3/ext/-test-/dln/empty'
compiling empty.c
linking shared-object -test-/dln/empty.so
make[2]: Leaving directory `/home/vagrant/.rvm/src/ruby-2.3.3/ext/-test-/dln/empty'
make[2]: Entering directory `/home/vagrant/.rvm/src/ruby-2.3.3/ext/-test-/exception'
compiling init.c
compiling enc_raise.c
compiling dataerror.c
compiling ensured.c
linking shared-object -test-/exception.so
make[2]: Leaving directory `/home/vagrant/.rvm/src/ruby-2.3.3/ext/-test-/exception'
make[2]: Entering directory `/home/vagrant/.rvm/src/ruby-2.3.3/ext/-test-/fatal'
compiling rb_fatal.c
linking shared-object -test-/fatal/rb_fatal.so
make[2]: Leaving directory `/home/vagrant/.rvm/src/ruby-2.3.3/ext/-test-/fatal'
make[2]: Entering directory `/home/vagrant/.rvm/src/ruby-2.3.3/ext/-test-/file'
compiling init.c
compiling stat.c
compiling fs.c
linking shared-object -test-/file.so
make[2]: Leaving directory `/home/vagrant/.rvm/src/ruby-2.3.3/ext/-test-/file'
make[2]: Entering directory `/home/vagrant/.rvm/src/ruby-2.3.3/ext/-test-/float'
compiling init.c
compiling nextafter.c
linking shared-object -test-/float.so
make[2]: Leaving directory `/home/vagrant/.rvm/src/ruby-2.3.3/ext/-test-/float'
make[2]: Entering directory `/home/vagrant/.rvm/src/ruby-2.3.3/ext/-test-/funcall'
compiling passing_block.c
linking shared-object -test-/funcall/funcall.so
make[2]: Leaving directory `/home/vagrant/.rvm/src/ruby-2.3.3/ext/-test-/funcall'
make[2]: Entering directory `/home/vagrant/.rvm/src/ruby-2.3.3/ext/-test-/gvl/call_without_gvl'
compiling call_without_gvl.c
linking shared-object -test-/gvl/call_without_gvl.so
make[2]: Leaving directory `/home/vagrant/.rvm/src/ruby-2.3.3/ext/-test-/gvl/call_without_gvl'
make[2]: Entering directory `/home/vagrant/.rvm/src/ruby-2.3.3/ext/-test-/hash'
compiling init.c
compiling delete.c
linking shared-object -test-/hash.so
make[2]: Leaving directory `/home/vagrant/.rvm/src/ruby-2.3.3/ext/-test-/hash'
make[2]: Entering directory `/home/vagrant/.rvm/src/ruby-2.3.3/ext/-test-/iseq_load'
compiling iseq_load.c
linking shared-object -test-/iseq_load/iseq_load.so
make[2]: Leaving directory `/home/vagrant/.rvm/src/ruby-2.3.3/ext/-test-/iseq_load'
make[2]: Entering directory `/home/vagrant/.rvm/src/ruby-2.3.3/ext/-test-/iter'
compiling init.c
compiling break.c
compiling yield.c
linking shared-object -test-/iter.so
make[2]: Leaving directory `/home/vagrant/.rvm/src/ruby-2.3.3/ext/-test-/iter'
make[2]: Entering directory `/home/vagrant/.rvm/src/ruby-2.3.3/ext/-test-/load/dot.dot'
compiling dot.dot.c
linking shared-object -test-/load/dot.dot/dot.dot.so
make[2]: Leaving directory `/home/vagrant/.rvm/src/ruby-2.3.3/ext/-test-/load/dot.dot'
make[2]: Entering directory `/home/vagrant/.rvm/src/ruby-2.3.3/ext/-test-/marshal/compat'
compiling usrcompat.c
linking shared-object -test-/marshal/compat.so
make[2]: Leaving directory `/home/vagrant/.rvm/src/ruby-2.3.3/ext/-test-/marshal/compat'
make[2]: Entering directory `/home/vagrant/.rvm/src/ruby-2.3.3/ext/-test-/marshal/internal_ivar'
compiling internal_ivar.c
linking shared-object -test-/marshal/internal_ivar.so
make[2]: Leaving directory `/home/vagrant/.rvm/src/ruby-2.3.3/ext/-test-/marshal/internal_ivar'
make[2]: Entering directory `/home/vagrant/.rvm/src/ruby-2.3.3/ext/-test-/marshal/usr'
compiling usrmarshal.c
linking shared-object -test-/marshal/usr.so
make[2]: Leaving directory `/home/vagrant/.rvm/src/ruby-2.3.3/ext/-test-/marshal/usr'
make[2]: Entering directory `/home/vagrant/.rvm/src/ruby-2.3.3/ext/-test-/method'
compiling init.c
compiling arity.c
linking shared-object -test-/method.so
make[2]: Leaving directory `/home/vagrant/.rvm/src/ruby-2.3.3/ext/-test-/method'
make[2]: Entering directory `/home/vagrant/.rvm/src/ruby-2.3.3/ext/-test-/notimplement'
compiling bug.c
linking shared-object -test-/notimplement.so
make[2]: Leaving directory `/home/vagrant/.rvm/src/ruby-2.3.3/ext/-test-/notimplement'
make[2]: Entering directory `/home/vagrant/.rvm/src/ruby-2.3.3/ext/-test-/num2int'
compiling num2int.c
linking shared-object -test-/num2int/num2int.so
make[2]: Leaving directory `/home/vagrant/.rvm/src/ruby-2.3.3/ext/-test-/num2int'
make[2]: Entering directory `/home/vagrant/.rvm/src/ruby-2.3.3/ext/-test-/path_to_class'
compiling path_to_class.c
linking shared-object -test-/path_to_class/path_to_class.so
make[2]: Leaving directory `/home/vagrant/.rvm/src/ruby-2.3.3/ext/-test-/path_to_class'
make[2]: Entering directory `/home/vagrant/.rvm/src/ruby-2.3.3/ext/-test-/popen_deadlock'
compiling infinite_loop_dlsym.c
linking shared-object -test-/popen_deadlock/infinite_loop_dlsym.so
make[2]: Leaving directory `/home/vagrant/.rvm/src/ruby-2.3.3/ext/-test-/popen_deadlock'
make[2]: Entering directory `/home/vagrant/.rvm/src/ruby-2.3.3/ext/-test-/postponed_job'
compiling postponed_job.c
linking shared-object -test-/postponed_job.so
make[2]: Leaving directory `/home/vagrant/.rvm/src/ruby-2.3.3/ext/-test-/postponed_job'
make[2]: Entering directory `/home/vagrant/.rvm/src/ruby-2.3.3/ext/-test-/printf'
compiling printf.c
linking shared-object -test-/printf.so
make[2]: Leaving directory `/home/vagrant/.rvm/src/ruby-2.3.3/ext/-test-/printf'
make[2]: Entering directory `/home/vagrant/.rvm/src/ruby-2.3.3/ext/-test-/proc'
compiling super.c
compiling receiver.c
compiling init.c
linking shared-object -test-/proc.so
make[2]: Leaving directory `/home/vagrant/.rvm/src/ruby-2.3.3/ext/-test-/proc'
make[2]: Entering directory `/home/vagrant/.rvm/src/ruby-2.3.3/ext/-test-/rational'
compiling rat.c
linking shared-object -test-/rational.so
make[2]: Leaving directory `/home/vagrant/.rvm/src/ruby-2.3.3/ext/-test-/rational'
make[2]: Entering directory `/home/vagrant/.rvm/src/ruby-2.3.3/ext/-test-/recursion'
compiling recursion.c
linking shared-object -test-/recursion.so
make[2]: Leaving directory `/home/vagrant/.rvm/src/ruby-2.3.3/ext/-test-/recursion'
make[2]: Entering directory `/home/vagrant/.rvm/src/ruby-2.3.3/ext/-test-/st/foreach'
compiling foreach.c
linking shared-object -test-/st/foreach.so
make[2]: Leaving directory `/home/vagrant/.rvm/src/ruby-2.3.3/ext/-test-/st/foreach'
make[2]: Entering directory `/home/vagrant/.rvm/src/ruby-2.3.3/ext/-test-/st/numhash'
compiling numhash.c
linking shared-object -test-/st/numhash.so
make[2]: Leaving directory `/home/vagrant/.rvm/src/ruby-2.3.3/ext/-test-/st/numhash'
make[2]: Entering directory `/home/vagrant/.rvm/src/ruby-2.3.3/ext/-test-/st/update'
compiling update.c
linking shared-object -test-/st/update.so
make[2]: Leaving directory `/home/vagrant/.rvm/src/ruby-2.3.3/ext/-test-/st/update'
make[2]: Entering directory `/home/vagrant/.rvm/src/ruby-2.3.3/ext/-test-/string'
compiling modify.c
compiling ellipsize.c
compiling nofree.c
compiling init.c
compiling cstr.c
compiling enc_associate.c
compiling enc_str_buf_cat.c
compiling coderange.c
compiling normalize.c
compiling qsort.c
compiling set_len.c
compiling fstring.c
linking shared-object -test-/string.so
make[2]: Leaving directory `/home/vagrant/.rvm/src/ruby-2.3.3/ext/-test-/string'
make[2]: Entering directory `/home/vagrant/.rvm/src/ruby-2.3.3/ext/-test-/struct'
compiling member.c
compiling duplicate.c
compiling init.c
linking shared-object -test-/struct.so
make[2]: Leaving directory `/home/vagrant/.rvm/src/ruby-2.3.3/ext/-test-/struct'
make[2]: Entering directory `/home/vagrant/.rvm/src/ruby-2.3.3/ext/-test-/symbol'
compiling init.c
compiling type.c
linking shared-object -test-/symbol.so
make[2]: Leaving directory `/home/vagrant/.rvm/src/ruby-2.3.3/ext/-test-/symbol'
make[2]: Entering directory `/home/vagrant/.rvm/src/ruby-2.3.3/ext/-test-/time'
compiling init.c
compiling new.c
linking shared-object -test-/time.so
make[2]: Leaving directory `/home/vagrant/.rvm/src/ruby-2.3.3/ext/-test-/time'
make[2]: Entering directory `/home/vagrant/.rvm/src/ruby-2.3.3/ext/-test-/tracepoint'
compiling tracepoint.c
compiling gc_hook.c
linking shared-object -test-/tracepoint.so
make[2]: Leaving directory `/home/vagrant/.rvm/src/ruby-2.3.3/ext/-test-/tracepoint'
make[2]: Entering directory `/home/vagrant/.rvm/src/ruby-2.3.3/ext/-test-/typeddata'
compiling typeddata.c
linking shared-object -test-/typeddata/typeddata.so
make[2]: Leaving directory `/home/vagrant/.rvm/src/ruby-2.3.3/ext/-test-/typeddata'
make[2]: Entering directory `/home/vagrant/.rvm/src/ruby-2.3.3/ext/-test-/vm'
compiling at_exit.c
linking shared-object -test-/vm/at_exit.so
make[2]: Leaving directory `/home/vagrant/.rvm/src/ruby-2.3.3/ext/-test-/vm'
make[2]: Entering directory `/home/vagrant/.rvm/src/ruby-2.3.3/ext/-test-/wait_for_single_fd'
compiling wait_for_single_fd.c
linking shared-object -test-/wait_for_single_fd/wait_for_single_fd.so
make[2]: Leaving directory `/home/vagrant/.rvm/src/ruby-2.3.3/ext/-test-/wait_for_single_fd'
make[2]: Entering directory `/home/vagrant/.rvm/src/ruby-2.3.3/ext/bigdecimal'
compiling bigdecimal.c
linking shared-object bigdecimal.so
installing default bigdecimal libraries
make[2]: Leaving directory `/home/vagrant/.rvm/src/ruby-2.3.3/ext/bigdecimal'
make[2]: Entering directory `/home/vagrant/.rvm/src/ruby-2.3.3/ext/cgi/escape'
compiling escape.c
escape.c: In function 'cgiesc_escape_html':
escape.c:40:11: warning: 'dest' may be used uninitialized in this function [-Wuninitialized]
linking shared-object cgi/escape.so
make[2]: Leaving directory `/home/vagrant/.rvm/src/ruby-2.3.3/ext/cgi/escape'
make[2]: Entering directory `/home/vagrant/.rvm/src/ruby-2.3.3/ext/continuation'
compiling continuation.c
linking shared-object continuation.so
make[2]: Leaving directory `/home/vagrant/.rvm/src/ruby-2.3.3/ext/continuation'
make[2]: Entering directory `/home/vagrant/.rvm/src/ruby-2.3.3/ext/coverage'
compiling coverage.c
linking shared-object coverage.so
make[2]: Leaving directory `/home/vagrant/.rvm/src/ruby-2.3.3/ext/coverage'
make[2]: Entering directory `/home/vagrant/.rvm/src/ruby-2.3.3/ext/date'
compiling date_parse.c
compiling date_strftime.c
compiling date_core.c
compiling date_strptime.c
linking shared-object date_core.so
installing default date_core libraries
make[2]: Leaving directory `/home/vagrant/.rvm/src/ruby-2.3.3/ext/date'
make[2]: Entering directory `/home/vagrant/.rvm/src/ruby-2.3.3/ext/dbm'
compiling dbm.c
linking shared-object dbm.so
make[2]: Leaving directory `/home/vagrant/.rvm/src/ruby-2.3.3/ext/dbm'
make[2]: Entering directory `/home/vagrant/.rvm/src/ruby-2.3.3/ext/digest'
compiling digest.c
linking shared-object digest.so
installing digest libraries
installing default digest libraries
make[2]: Leaving directory `/home/vagrant/.rvm/src/ruby-2.3.3/ext/digest'
make[2]: Entering directory `/home/vagrant/.rvm/src/ruby-2.3.3/ext/digest/bubblebabble'
compiling bubblebabble.c
linking shared-object digest/bubblebabble.so
make[2]: Leaving directory `/home/vagrant/.rvm/src/ruby-2.3.3/ext/digest/bubblebabble'
make[2]: Entering directory `/home/vagrant/.rvm/src/ruby-2.3.3/ext/digest/md5'
compiling md5init.c
linking shared-object digest/md5.so
make[2]: Leaving directory `/home/vagrant/.rvm/src/ruby-2.3.3/ext/digest/md5'
make[2]: Entering directory `/home/vagrant/.rvm/src/ruby-2.3.3/ext/digest/rmd160'
compiling rmd160init.c
linking shared-object digest/rmd160.so
make[2]: Leaving directory `/home/vagrant/.rvm/src/ruby-2.3.3/ext/digest/rmd160'
make[2]: Entering directory `/home/vagrant/.rvm/src/ruby-2.3.3/ext/digest/sha1'
compiling sha1init.c
linking shared-object digest/sha1.so
make[2]: Leaving directory `/home/vagrant/.rvm/src/ruby-2.3.3/ext/digest/sha1'
make[2]: Entering directory `/home/vagrant/.rvm/src/ruby-2.3.3/ext/digest/sha2'
compiling sha2init.c
linking shared-object digest/sha2.so
installing default sha2 libraries
make[2]: Leaving directory `/home/vagrant/.rvm/src/ruby-2.3.3/ext/digest/sha2'
make[2]: Entering directory `/home/vagrant/.rvm/src/ruby-2.3.3/ext/etc'
generating constant definitions
compiling etc.c
linking shared-object etc.so
make[2]: Leaving directory `/home/vagrant/.rvm/src/ruby-2.3.3/ext/etc'
make[2]: Entering directory `/home/vagrant/.rvm/src/ruby-2.3.3/ext/fcntl'
compiling fcntl.c
linking shared-object fcntl.so
make[2]: Leaving directory `/home/vagrant/.rvm/src/ruby-2.3.3/ext/fcntl'
make[2]: Entering directory `/home/vagrant/.rvm/src/ruby-2.3.3/ext/fiber'
compiling fiber.c
linking shared-object fiber.so
make[2]: Leaving directory `/home/vagrant/.rvm/src/ruby-2.3.3/ext/fiber'
make[2]: Entering directory `/home/vagrant/.rvm/src/ruby-2.3.3/ext/fiddle'
compiling conversions.c
compiling pointer.c
compiling closure.c
compiling function.c
compiling handle.c
compiling fiddle.c
linking shared-object fiddle.so
installing default fiddle libraries
make[2]: Leaving directory `/home/vagrant/.rvm/src/ruby-2.3.3/ext/fiddle'
make[2]: Entering directory `/home/vagrant/.rvm/src/ruby-2.3.3/ext/gdbm'
compiling gdbm.c
linking shared-object gdbm.so
make[2]: Leaving directory `/home/vagrant/.rvm/src/ruby-2.3.3/ext/gdbm'
make[2]: Entering directory `/home/vagrant/.rvm/src/ruby-2.3.3/ext/io/console'
compiling console.c
linking shared-object io/console.so
installing default console libraries
make[2]: Leaving directory `/home/vagrant/.rvm/src/ruby-2.3.3/ext/io/console'
make[2]: Entering directory `/home/vagrant/.rvm/src/ruby-2.3.3/ext/io/nonblock'
compiling nonblock.c
linking shared-object io/nonblock.so
make[2]: Leaving directory `/home/vagrant/.rvm/src/ruby-2.3.3/ext/io/nonblock'
make[2]: Entering directory `/home/vagrant/.rvm/src/ruby-2.3.3/ext/io/wait'
compiling wait.c
linking shared-object io/wait.so
make[2]: Leaving directory `/home/vagrant/.rvm/src/ruby-2.3.3/ext/io/wait'
make[2]: Entering directory `/home/vagrant/.rvm/src/ruby-2.3.3/ext/json'
installing default libraries
make[2]: Leaving directory `/home/vagrant/.rvm/src/ruby-2.3.3/ext/json'
make[2]: Entering directory `/home/vagrant/.rvm/src/ruby-2.3.3/ext/json/generator'
compiling generator.c
linking shared-object json/ext/generator.so
make[2]: Leaving directory `/home/vagrant/.rvm/src/ruby-2.3.3/ext/json/generator'
make[2]: Entering directory `/home/vagrant/.rvm/src/ruby-2.3.3/ext/json/parser'
compiling parser.c
linking shared-object json/ext/parser.so
make[2]: Leaving directory `/home/vagrant/.rvm/src/ruby-2.3.3/ext/json/parser'
make[2]: Entering directory `/home/vagrant/.rvm/src/ruby-2.3.3/ext/mathn/complex'
compiling complex.c
linking shared-object mathn/complex.so
make[2]: Leaving directory `/home/vagrant/.rvm/src/ruby-2.3.3/ext/mathn/complex'
make[2]: Entering directory `/home/vagrant/.rvm/src/ruby-2.3.3/ext/mathn/rational'
compiling rational.c
linking shared-object mathn/rational.so
make[2]: Leaving directory `/home/vagrant/.rvm/src/ruby-2.3.3/ext/mathn/rational'
make[2]: Entering directory `/home/vagrant/.rvm/src/ruby-2.3.3/ext/nkf'
compiling nkf.c
linking shared-object nkf.so
installing default nkf libraries
make[2]: Leaving directory `/home/vagrant/.rvm/src/ruby-2.3.3/ext/nkf'
make[2]: Entering directory `/home/vagrant/.rvm/src/ruby-2.3.3/ext/objspace'
compiling object_tracing.c
compiling objspace.c
compiling objspace_dump.c
linking shared-object objspace.so
make[2]: Leaving directory `/home/vagrant/.rvm/src/ruby-2.3.3/ext/objspace'
make[2]: Entering directory `/home/vagrant/.rvm/src/ruby-2.3.3/ext/openssl'
compiling ossl_config.c
compiling ossl_digest.c
compiling ossl_pkey.c
compiling ossl_pkcs12.c
compiling ossl_asn1.c
compiling ossl_bio.c
compiling ossl_x509revoked.c
compiling ossl_bn.c
compiling ossl_ns_spki.c
compiling ossl_pkcs7.c
compiling ossl_x509attr.c
compiling ossl_x509store.c
compiling ossl_pkey_dsa.c
compiling ossl_x509crl.c
compiling ossl_hmac.c
compiling openssl_missing.c
compiling ossl_pkey_rsa.c
compiling ossl_pkey_dh.c
compiling ossl_rand.c
compiling ossl_engine.c
compiling ossl_ocsp.c
compiling ossl.c
compiling ossl_x509.c
compiling ossl_cipher.c
compiling ossl_x509ext.c
compiling ossl_x509name.c
compiling ossl_pkey_ec.c
compiling ossl_x509cert.c
compiling ossl_ssl_session.c
ossl_ssl_session.c: In function 'SSL_SESSION_cmp':
ossl_ssl_session.c:85:5: warning: implicit declaration of function 'CRYPTO_memcmp' [-Wimplicit-function-declaration]
compiling ossl_ssl.c
compiling ossl_pkcs5.c
compiling ossl_x509req.c
linking shared-object openssl.so
installing default openssl libraries
make[2]: Leaving directory `/home/vagrant/.rvm/src/ruby-2.3.3/ext/openssl'
make[2]: Entering directory `/home/vagrant/.rvm/src/ruby-2.3.3/ext/pathname'
compiling pathname.c
linking shared-object pathname.so
installing default pathname libraries
make[2]: Leaving directory `/home/vagrant/.rvm/src/ruby-2.3.3/ext/pathname'
make[2]: Entering directory `/home/vagrant/.rvm/src/ruby-2.3.3/ext/psych'
compiling psych_yaml_tree.c
compiling psych_to_ruby.c
compiling psych_parser.c
compiling psych_emitter.c
compiling psych.c
linking shared-object psych.so
installing default psych libraries
make[2]: Leaving directory `/home/vagrant/.rvm/src/ruby-2.3.3/ext/psych'
make[2]: Entering directory `/home/vagrant/.rvm/src/ruby-2.3.3/ext/pty'
compiling pty.c
linking shared-object pty.so
installing default pty libraries
make[2]: Leaving directory `/home/vagrant/.rvm/src/ruby-2.3.3/ext/pty'
make[2]: Entering directory `/home/vagrant/.rvm/src/ruby-2.3.3/ext/racc/cparse'
compiling cparse.c
linking shared-object racc/cparse.so
make[2]: Leaving directory `/home/vagrant/.rvm/src/ruby-2.3.3/ext/racc/cparse'
make[2]: Entering directory `/home/vagrant/.rvm/src/ruby-2.3.3/ext/rbconfig/sizeof'
compiling sizes.c
linking shared-object rbconfig/sizeof.so
make[2]: Leaving directory `/home/vagrant/.rvm/src/ruby-2.3.3/ext/rbconfig/sizeof'
make[2]: Entering directory `/home/vagrant/.rvm/src/ruby-2.3.3/ext/readline'
compiling readline.c
linking shared-object readline.so
make[2]: Leaving directory `/home/vagrant/.rvm/src/ruby-2.3.3/ext/readline'
make[2]: Entering directory `/home/vagrant/.rvm/src/ruby-2.3.3/ext/ripper'
compiling ripper.c
linking shared-object ripper.so
installing default ripper libraries
checking ../.././parse.y and ../.././ext/ripper/eventids2.c
make[2]: Leaving directory `/home/vagrant/.rvm/src/ruby-2.3.3/ext/ripper'
make[2]: Entering directory `/home/vagrant/.rvm/src/ruby-2.3.3/ext/sdbm'
compiling init.c
compiling _sdbm.c
linking shared-object sdbm.so
make[2]: Leaving directory `/home/vagrant/.rvm/src/ruby-2.3.3/ext/sdbm'
make[2]: Entering directory `/home/vagrant/.rvm/src/ruby-2.3.3/ext/socket'
generating constant definitions
compiling init.c
compiling constants.c
compiling basicsocket.c
compiling socket.c
compiling ipsocket.c
compiling tcpsocket.c
compiling tcpserver.c
compiling sockssocket.c
compiling udpsocket.c
compiling unixsocket.c
compiling unixserver.c
compiling option.c
compiling ancdata.c
compiling raddrinfo.c
compiling ifaddr.c
linking shared-object socket.so
installing default socket libraries
make[2]: Leaving directory `/home/vagrant/.rvm/src/ruby-2.3.3/ext/socket'
make[2]: Entering directory `/home/vagrant/.rvm/src/ruby-2.3.3/ext/stringio'
compiling stringio.c
linking shared-object stringio.so
make[2]: Leaving directory `/home/vagrant/.rvm/src/ruby-2.3.3/ext/stringio'
make[2]: Entering directory `/home/vagrant/.rvm/src/ruby-2.3.3/ext/strscan'
compiling strscan.c
linking shared-object strscan.so
make[2]: Leaving directory `/home/vagrant/.rvm/src/ruby-2.3.3/ext/strscan'
make[2]: Entering directory `/home/vagrant/.rvm/src/ruby-2.3.3/ext/syslog'
compiling syslog.c
linking shared-object syslog.so
installing default syslog libraries
make[2]: Leaving directory `/home/vagrant/.rvm/src/ruby-2.3.3/ext/syslog'
make[2]: Entering directory `/home/vagrant/.rvm/src/ruby-2.3.3/ext/thread'
compiling thread.c
linking shared-object thread.so
make[2]: Leaving directory `/home/vagrant/.rvm/src/ruby-2.3.3/ext/thread'
make[2]: Entering directory `/home/vagrant/.rvm/src/ruby-2.3.3/ext/tk'
make[2]: Nothing to be done for `all'.
make[2]: Leaving directory `/home/vagrant/.rvm/src/ruby-2.3.3/ext/tk'
make[2]: Entering directory `/home/vagrant/.rvm/src/ruby-2.3.3/ext/tk/tkutil'
make[2]: Nothing to be done for `all'.
make[2]: Leaving directory `/home/vagrant/.rvm/src/ruby-2.3.3/ext/tk/tkutil'
make[2]: Entering directory `/home/vagrant/.rvm/src/ruby-2.3.3/ext/zlib'
compiling zlib.c
linking shared-object zlib.so
make[2]: Leaving directory `/home/vagrant/.rvm/src/ruby-2.3.3/ext/zlib'
make[2]: Entering directory `/home/vagrant/.rvm/src/ruby-2.3.3'
linking shared-library libruby.so.2.3.0
linking ruby
make[2]: Leaving directory `/home/vagrant/.rvm/src/ruby-2.3.3'
make[1]: Leaving directory `/home/vagrant/.rvm/src/ruby-2.3.3'
making enc
make[1]: Entering directory `/home/vagrant/.rvm/src/ruby-2.3.3'
compiling ./enc/encdb.c
linking encoding encdb.so
compiling ./enc/big5.c
linking encoding big5.so
compiling ./enc/cp949.c
linking encoding cp949.so
compiling ./enc/emacs_mule.c
linking encoding emacs_mule.so
compiling ./enc/euc_jp.c
linking encoding euc_jp.so
compiling ./enc/euc_kr.c
linking encoding euc_kr.so
compiling ./enc/euc_tw.c
linking encoding euc_tw.so
compiling ./enc/gb2312.c
linking encoding gb2312.so
compiling ./enc/gb18030.c
linking encoding gb18030.so
compiling ./enc/gbk.c
linking encoding gbk.so
compiling ./enc/iso_8859_1.c
linking encoding iso_8859_1.so
compiling ./enc/iso_8859_2.c
linking encoding iso_8859_2.so
compiling ./enc/iso_8859_3.c
linking encoding iso_8859_3.so
compiling ./enc/iso_8859_4.c
linking encoding iso_8859_4.so
compiling ./enc/iso_8859_5.c
linking encoding iso_8859_5.so
compiling ./enc/iso_8859_6.c
linking encoding iso_8859_6.so
compiling ./enc/iso_8859_7.c
linking encoding iso_8859_7.so
compiling ./enc/iso_8859_8.c
linking encoding iso_8859_8.so
compiling ./enc/iso_8859_9.c
linking encoding iso_8859_9.so
compiling ./enc/iso_8859_10.c
linking encoding iso_8859_10.so
compiling ./enc/iso_8859_11.c
linking encoding iso_8859_11.so
compiling ./enc/iso_8859_13.c
linking encoding iso_8859_13.so
compiling ./enc/iso_8859_14.c
linking encoding iso_8859_14.so
compiling ./enc/iso_8859_15.c
linking encoding iso_8859_15.so
compiling ./enc/iso_8859_16.c
linking encoding iso_8859_16.so
compiling ./enc/koi8_r.c
linking encoding koi8_r.so
compiling ./enc/koi8_u.c
linking encoding koi8_u.so
compiling ./enc/shift_jis.c
linking encoding shift_jis.so
compiling ./enc/utf_16be.c
linking encoding utf_16be.so
compiling ./enc/utf_16le.c
linking encoding utf_16le.so
compiling ./enc/utf_32be.c
linking encoding utf_32be.so
compiling ./enc/utf_32le.c
linking encoding utf_32le.so
compiling ./enc/windows_31j.c
linking encoding windows_31j.so
compiling ./enc/windows_1250.c
linking encoding windows_1250.so
compiling ./enc/windows_1251.c
linking encoding windows_1251.so
compiling ./enc/windows_1252.c
linking encoding windows_1252.so
make[1]: Leaving directory `/home/vagrant/.rvm/src/ruby-2.3.3'
making trans
make[1]: Entering directory `/home/vagrant/.rvm/src/ruby-2.3.3'
compiling ./enc/trans/transdb.c
linking transcoder transdb.so
compiling ./enc/trans/big5.c
linking transcoder big5.so
compiling ./enc/trans/chinese.c
linking transcoder chinese.so
compiling ./enc/trans/ebcdic.c
linking transcoder ebcdic.so
compiling ./enc/trans/emoji.c
linking transcoder emoji.so
compiling ./enc/trans/emoji_iso2022_kddi.c
linking transcoder emoji_iso2022_kddi.so
compiling ./enc/trans/emoji_sjis_docomo.c
linking transcoder emoji_sjis_docomo.so
compiling ./enc/trans/emoji_sjis_kddi.c
linking transcoder emoji_sjis_kddi.so
compiling ./enc/trans/emoji_sjis_softbank.c
linking transcoder emoji_sjis_softbank.so
compiling ./enc/trans/escape.c
linking transcoder escape.so
compiling ./enc/trans/gb18030.c
linking transcoder gb18030.so
compiling ./enc/trans/gbk.c
linking transcoder gbk.so
compiling ./enc/trans/iso2022.c
linking transcoder iso2022.so
compiling ./enc/trans/japanese.c
linking transcoder japanese.so
compiling ./enc/trans/japanese_euc.c
linking transcoder japanese_euc.so
compiling ./enc/trans/japanese_sjis.c
linking transcoder japanese_sjis.so
compiling ./enc/trans/korean.c
linking transcoder korean.so
compiling ./enc/trans/single_byte.c
linking transcoder single_byte.so
compiling ./enc/trans/utf8_mac.c
linking transcoder utf8_mac.so
compiling ./enc/trans/utf_16_32.c
linking transcoder utf_16_32.so
make[1]: Leaving directory `/home/vagrant/.rvm/src/ruby-2.3.3'
making encs
make[1]: Entering directory `/home/vagrant/.rvm/src/ruby-2.3.3'
make[1]: Leaving directory `/home/vagrant/.rvm/src/ruby-2.3.3'
